
> vibe-generated-app@1.0.0 dev
> vite


  VITE v5.4.20  ready in 181 ms

  ➜  Local:   http://localhost:3000/
  ➜  Network: http://172.20.0.250:3000/
8:09:11 PM [vite] Pre-transform error: Transform failed with 1 error:
/home/workspace/src/components/Hero.jsx:35:74: ERROR: Expected identifier but found "2"
8:09:12 PM [vite] ✨ new dependencies optimized: lucide-react
8:09:12 PM [vite] ✨ optimized dependencies changed. reloading
8:09:12 PM [vite] Pre-transform error: Transform failed with 1 error:
/home/workspace/src/components/Hero.jsx:35:74: ERROR: Expected identifier but found "2"
8:09:13 PM [vite] Internal server error: Transform failed with 1 error:
/home/workspace/src/components/Hero.jsx:35:74: ERROR: Expected identifier but found "2"
  Plugin: vite:esbuild
  File: /home/workspace/src/components/Hero.jsx:35:74
  
  Expected identifier but found "2"
  33 |              </a>
  34 |            </div>
  35 |            <p className="mt-4 text-sm text-white/60">Tempo di caricamento <2s • SEO avanzato • Multilingua • CMS</p>
     |                                                                            ^
  36 |          </div>
  37 |        </div>
  
      at failureErrorWithLog (/home/workspace/node_modules/esbuild/lib/main.js:1472:15)
      at /home/workspace/node_modules/esbuild/lib/main.js:755:50
      at responseCallbacks.<computed> (/home/workspace/node_modules/esbuild/lib/main.js:622:9)
      at handleIncomingPacket (/home/workspace/node_modules/esbuild/lib/main.js:677:12)
      at Socket.readFromStdout (/home/workspace/node_modules/esbuild/lib/main.js:600:7)
      at Socket.emit (node:events:508:28)
      at addChunk (node:internal/streams/readable:559:12)
      at readableAddChunkPushByteMode (node:internal/streams/readable:510:3)
      at Readable.push (node:internal/streams/readable:390:5)
      at Pipe.onStreamRead (node:internal/stream_base_commons:189:23)
8:09:18 PM [vite] Internal server error: Transform failed with 1 error:
/home/workspace/src/components/Hero.jsx:35:74: ERROR: Expected identifier but found "2"
  Plugin: vite:esbuild
  File: /home/workspace/src/components/Hero.jsx:35:74
  
  Expected identifier but found "2"
  33 |              </a>
  34 |            </div>
  35 |            <p className="mt-4 text-sm text-white/60">Tempo di caricamento <2s • SEO avanzato • Multilingua • CMS</p>
     |                                                                            ^
  36 |          </div>
  37 |        </div>
  
      at failureErrorWithLog (/home/workspace/node_modules/esbuild/lib/main.js:1472:15)
      at /home/workspace/node_modules/esbuild/lib/main.js:755:50
      at responseCallbacks.<computed> (/home/workspace/node_modules/esbuild/lib/main.js:622:9)
      at handleIncomingPacket (/home/workspace/node_modules/esbuild/lib/main.js:677:12)
      at Socket.readFromStdout (/home/workspace/node_modules/esbuild/lib/main.js:600:7)
      at Socket.emit (node:events:508:28)
      at addChunk (node:internal/streams/readable:559:12)
      at readableAddChunkPushByteMode (node:internal/streams/readable:510:3)
      at Readable.push (node:internal/streams/readable:390:5)
      at Pipe.onStreamRead (node:internal/stream_base_commons:189:23)
